[2025-07-22 05:31:45] Error: Usuario 4 sin acceso al chat 1
[2025-07-22 05:31:47] Error: Usuario 4 sin acceso al chat 1
[2025-07-22 05:31:49] Error: Usuario 4 sin acceso al chat 1
[2025-07-22 05:31:51] Error: Usuario 4 sin acceso al chat 1
[2025-07-22 05:31:53] Error: Usuario 4 sin acceso al chat 1
[2025-07-22 05:31:55] Error: Usuario 4 sin acceso al chat 1
[2025-07-22 05:31:57] Error: Usuario 4 sin acceso al chat 1
[2025-07-22 05:31:59] Error: Usuario 4 sin acceso al chat 1
[2025-07-22 05:32:01] Error: Usuario 4 sin acceso al chat 1
[2025-07-22 05:32:03] Error: Usuario 4 sin acceso al chat 1
[2025-07-22 05:32:05] Error: Usuario 4 sin acceso al chat 1
[2025-07-22 05:32:07] Error: Usuario 4 sin acceso al chat 1
[2025-07-22 05:32:09] Error: Usuario 4 sin acceso al chat 1
[2025-07-22 05:32:11] Error: Usuario 4 sin acceso al chat 1
[2025-07-22 05:32:18] Error: Usuario 4 sin acceso al chat 1
[2025-07-22 05:32:20] Error: Usuario 4 sin acceso al chat 1
[2025-07-22 05:32:22] Error: Usuario 4 sin acceso al chat 1
[2025-07-22 05:32:24] Error: Usuario 4 sin acceso al chat 1
[2025-07-22 05:32:27] Error: Usuario 4 sin acceso al chat 1
[2025-07-22 05:32:29] Error: Usuario 4 sin acceso al chat 1
[2025-07-22 05:32:31] Error: Usuario 4 sin acceso al chat 1
[2025-07-22 05:32:33] Error: Usuario 4 sin acceso al chat 1
[2025-07-22 05:32:35] Error: Usuario 4 sin acceso al chat 1
[2025-07-22 05:32:37] Error: Usuario 4 sin acceso al chat 1
[2025-07-22 05:32:39] Error: Usuario 4 sin acceso al chat 1
[2025-07-22 05:32:41] Error: Usuario 4 sin acceso al chat 1
[2025-07-22 05:32:43] Error: Usuario 4 sin acceso al chat 1
[2025-07-22 05:32:45] Error: Usuario 4 sin acceso al chat 1
[2025-07-22 05:32:47] Error: Usuario 4 sin acceso al chat 1
[2025-07-22 05:32:49] Error: Usuario 4 sin acceso al chat 1
[2025-07-22 05:32:51] Error: Usuario 4 sin acceso al chat 1
[2025-07-22 05:32:53] Error: Usuario 4 sin acceso al chat 1
[2025-07-22 05:32:55] Error: Usuario 4 sin acceso al chat 1
[2025-07-22 05:32:57] Error: Usuario 4 sin acceso al chat 1
[2025-07-22 05:32:59] Error: Usuario 4 sin acceso al chat 1
[2025-07-22 05:33:01] Error: Usuario 4 sin acceso al chat 1
[2025-07-22 05:33:03] Error: Usuario 4 sin acceso al chat 1
[2025-07-22 05:33:05] Error: Usuario 4 sin acceso al chat 1
[2025-07-22 05:33:07] Error: Usuario 4 sin acceso al chat 1
[2025-07-22 05:33:09] Error: Usuario 4 sin acceso al chat 1
[2025-07-22 05:33:11] Error: Usuario 4 sin acceso al chat 1
[2025-07-22 05:33:13] Error: Usuario 4 sin acceso al chat 1
[2025-07-22 05:33:15] Error: Usuario 4 sin acceso al chat 1
[2025-07-22 05:33:17] Error: Usuario 4 sin acceso al chat 1
[2025-07-22 05:33:19] Error: Usuario 4 sin acceso al chat 1
[2025-07-22 05:33:21] Error: Usuario 4 sin acceso al chat 1
[2025-07-22 05:33:23] Error: Usuario 4 sin acceso al chat 1
[2025-07-22 05:33:25] Error: Usuario 4 sin acceso al chat 1
[2025-07-22 05:33:39] Error: Usuario 4 sin acceso al chat 1
[2025-07-22 05:34:39] Error: Usuario 4 sin acceso al chat 1
[2025-07-22 05:35:39] Error: Usuario 4 sin acceso al chat 1
[2025-07-22 05:36:39] Error: Usuario 4 sin acceso al chat 1
[2025-07-22 05:37:39] Error: Usuario 4 sin acceso al chat 1
[2025-07-22 05:38:39] Error: Usuario 4 sin acceso al chat 1
[2025-07-22 05:39:39] Error: Usuario 4 sin acceso al chat 1
[2025-07-22 05:40:39] Error: Usuario 4 sin acceso al chat 1
[2025-07-22 05:41:39] Error: Usuario 4 sin acceso al chat 1
[2025-07-22 05:42:39] Error: Usuario 4 sin acceso al chat 1
[2025-07-22 05:43:39] Error: Usuario 4 sin acceso al chat 1
[2025-07-22 05:44:39] Error: Usuario 4 sin acceso al chat 1
[2025-07-22 05:45:39] Error: Usuario 4 sin acceso al chat 1
[2025-07-22 05:46:39] Error: Usuario 4 sin acceso al chat 1
[2025-07-22 05:46:56] Error: Usuario 4 sin acceso al chat 1
[2025-07-22 05:46:56] Error: Usuario 4 sin acceso al chat 1
[2025-07-22 05:46:59] Error: Usuario 4 sin acceso al chat 1
[2025-07-22 05:47:01] Error: Usuario 4 sin acceso al chat 1
[2025-07-22 05:47:03] Error: Usuario 4 sin acceso al chat 1
[2025-07-22 05:47:05] Error: Usuario 4 sin acceso al chat 1
[2025-07-22 05:47:07] Error: Usuario 4 sin acceso al chat 1
[2025-07-22 05:47:09] Error: Usuario 4 sin acceso al chat 1
[2025-07-22 05:47:11] Error: Usuario 4 sin acceso al chat 1
[2025-07-22 05:47:13] Error: Usuario 4 sin acceso al chat 1
[2025-07-22 05:47:15] Error: Usuario 4 sin acceso al chat 1
[2025-07-22 05:47:17] Error: Usuario 4 sin acceso al chat 1
[2025-07-22 05:47:19] Error: Usuario 4 sin acceso al chat 1
[2025-07-22 05:47:21] Error: Usuario 4 sin acceso al chat 1
[2025-07-22 05:47:23] Error: Usuario 4 sin acceso al chat 1
[2025-07-22 05:47:25] Error: Usuario 4 sin acceso al chat 1
[2025-07-22 05:47:27] Error: Usuario 4 sin acceso al chat 1
[2025-07-22 05:47:29] Error: Usuario 4 sin acceso al chat 1
[2025-07-22 05:47:31] Error: Usuario 4 sin acceso al chat 1
[2025-07-22 05:47:33] Error: Usuario 4 sin acceso al chat 1
[2025-07-22 05:47:35] Error: Usuario 4 sin acceso al chat 1
[2025-07-22 05:47:37] Error: Usuario 4 sin acceso al chat 1
[2025-07-22 05:47:39] Error: Usuario 4 sin acceso al chat 1
[2025-07-22 05:47:41] Error: Usuario 4 sin acceso al chat 1
[2025-07-22 05:47:43] Error: Usuario 4 sin acceso al chat 1
[2025-07-22 05:49:05] Error: Usuario 4 sin acceso al chat 1
[2025-07-22 05:49:07] Error: Usuario 4 sin acceso al chat 1
[2025-07-22 05:49:09] Error: Usuario 4 sin acceso al chat 1
[2025-07-22 05:49:11] Error: Usuario 4 sin acceso al chat 1
[2025-07-22 05:52:43] Error: Usuario 4 sin acceso al chat 1
[2025-07-22 05:52:45] Error: Usuario 4 sin acceso al chat 1
[2025-07-22 05:52:47] Error: Usuario 4 sin acceso al chat 1
[2025-07-22 05:52:49] Error: Usuario 4 sin acceso al chat 1
[2025-07-22 05:52:51] Error: Usuario 4 sin acceso al chat 1
[2025-07-22 05:52:53] Error: Usuario 4 sin acceso al chat 1
[2025-07-22 05:52:55] Error: Usuario 4 sin acceso al chat 1
[2025-07-22 05:52:57] Error: Usuario 4 sin acceso al chat 1
[2025-07-22 05:52:59] Error: Usuario 4 sin acceso al chat 1
[2025-07-22 05:53:01] Error: Usuario 4 sin acceso al chat 1
[2025-07-22 05:53:03] Error: Usuario 4 sin acceso al chat 1
[2025-07-22 05:53:05] Error: Usuario 4 sin acceso al chat 1
[2025-07-22 05:53:07] Error: Usuario 4 sin acceso al chat 1
[2025-07-22 05:53:09] Error: Usuario 4 sin acceso al chat 1
[2025-07-22 05:53:11] Error: Usuario 4 sin acceso al chat 1
[2025-07-22 05:53:13] Error: Usuario 4 sin acceso al chat 1
[2025-07-22 05:53:15] Error: Usuario 4 sin acceso al chat 1
[2025-07-22 05:53:17] Error: Usuario 4 sin acceso al chat 1
[2025-07-22 05:53:19] Error: Usuario 4 sin acceso al chat 1
[2025-07-22 05:53:21] Error: Usuario 4 sin acceso al chat 1
[2025-07-22 05:53:23] Error: Usuario 4 sin acceso al chat 1
[2025-07-22 05:53:25] Error: Usuario 4 sin acceso al chat 1
[2025-07-22 05:53:27] Error: Usuario 4 sin acceso al chat 1
[2025-07-22 05:53:29] Error: Usuario 4 sin acceso al chat 1
[2025-07-22 05:53:31] Error: Usuario 4 sin acceso al chat 1
[2025-07-22 05:53:33] Error: Usuario 4 sin acceso al chat 1
[2025-07-22 05:53:35] Error: Usuario 4 sin acceso al chat 1
[2025-07-22 05:53:37] Error: Usuario 4 sin acceso al chat 1
[2025-07-22 05:53:39] Error: Usuario 4 sin acceso al chat 1
[2025-07-22 05:53:41] Error: Usuario 4 sin acceso al chat 1
[2025-07-22 05:53:43] Error: Usuario 4 sin acceso al chat 1
[2025-07-22 05:53:45] Error: Usuario 4 sin acceso al chat 1
[2025-07-22 05:53:47] Error: Usuario 4 sin acceso al chat 1
[2025-07-22 05:53:49] Error: Usuario 4 sin acceso al chat 1
[2025-07-22 05:53:51] Error: Usuario 4 sin acceso al chat 1
[2025-07-22 05:53:53] Error: Usuario 4 sin acceso al chat 1
[2025-07-22 05:53:55] Error: Usuario 4 sin acceso al chat 1
[2025-07-22 05:53:57] Error: Usuario 4 sin acceso al chat 1
[2025-07-22 05:53:59] Error: Usuario 4 sin acceso al chat 1
[2025-07-22 05:54:01] Error: Usuario 4 sin acceso al chat 1
[2025-07-22 05:54:03] Error: Usuario 4 sin acceso al chat 1
[2025-07-22 05:54:05] Error: Usuario 4 sin acceso al chat 1
[2025-07-22 05:54:07] Error: Usuario 4 sin acceso al chat 1
[2025-07-22 05:54:09] Error: Usuario 4 sin acceso al chat 1
[2025-07-22 05:54:11] Error: Usuario 4 sin acceso al chat 1
[2025-07-22 05:54:13] Error: Usuario 4 sin acceso al chat 1
[2025-07-22 05:54:15] Error: Usuario 4 sin acceso al chat 1
[2025-07-22 05:54:17] Error: Usuario 4 sin acceso al chat 1
[2025-07-22 05:54:19] Error: Usuario 4 sin acceso al chat 1
[2025-07-22 05:54:21] Error: Usuario 4 sin acceso al chat 1
[2025-07-22 05:54:23] Error: Usuario 4 sin acceso al chat 1
[2025-07-22 05:54:25] Error: Usuario 4 sin acceso al chat 1
[2025-07-22 05:54:27] Error: Usuario 4 sin acceso al chat 1
[2025-07-22 05:54:29] Error: Usuario 4 sin acceso al chat 1
[2025-07-22 05:54:31] Error: Usuario 4 sin acceso al chat 1
[2025-07-22 05:54:33] Error: Usuario 4 sin acceso al chat 1
[2025-07-22 05:54:35] Error: Usuario 4 sin acceso al chat 1
[2025-07-22 05:54:37] Error: Usuario 4 sin acceso al chat 1
[2025-07-22 05:54:39] Error: Usuario 4 sin acceso al chat 1
[2025-07-22 05:54:41] Error: Usuario 4 sin acceso al chat 1
[2025-07-22 05:54:43] Error: Usuario 4 sin acceso al chat 1
[2025-07-22 05:54:45] Error: Usuario 4 sin acceso al chat 1
[2025-07-22 05:54:47] Error: Usuario 4 sin acceso al chat 1
[2025-07-22 05:54:49] Error: Usuario 4 sin acceso al chat 1
[2025-07-22 05:54:51] Error: Usuario 4 sin acceso al chat 1
[2025-07-22 05:54:53] Error: Usuario 4 sin acceso al chat 1
[2025-07-22 05:54:55] Error: Usuario 4 sin acceso al chat 1
[2025-07-22 05:54:57] Error: Usuario 4 sin acceso al chat 1
[2025-07-22 05:54:59] Error: Usuario 4 sin acceso al chat 1
[2025-07-22 05:55:01] Error: Usuario 4 sin acceso al chat 1
[2025-07-22 05:55:03] Error: Usuario 4 sin acceso al chat 1
[2025-07-22 05:55:05] Error: Usuario 4 sin acceso al chat 1
[2025-07-22 05:55:07] Error: Usuario 4 sin acceso al chat 1
[2025-07-22 05:55:09] Error: Usuario 4 sin acceso al chat 1
[2025-07-22 05:55:11] Error: Usuario 4 sin acceso al chat 1
[2025-07-22 05:55:13] Error: Usuario 4 sin acceso al chat 1
[2025-07-22 05:55:15] Error: Usuario 4 sin acceso al chat 1
[2025-07-22 05:55:17] Error: Usuario 4 sin acceso al chat 1
[2025-07-22 05:55:19] Error: Usuario 4 sin acceso al chat 1
[2025-07-22 05:55:21] Error: Usuario 4 sin acceso al chat 1
[2025-07-22 05:55:23] Error: Usuario 4 sin acceso al chat 1
[2025-07-22 05:55:25] Error: Usuario 4 sin acceso al chat 1
[2025-07-22 05:55:27] Error: Usuario 4 sin acceso al chat 1
[2025-07-22 05:55:29] Error: Usuario 4 sin acceso al chat 1
[2025-07-22 05:55:31] Error: Usuario 4 sin acceso al chat 1
[2025-07-22 05:55:33] Error: Usuario 4 sin acceso al chat 1
[2025-07-22 05:55:35] Error: Usuario 4 sin acceso al chat 1
[2025-07-22 05:55:37] Error: Usuario 4 sin acceso al chat 1
[2025-07-22 05:55:39] Error: Usuario 4 sin acceso al chat 1
[2025-07-22 05:55:41] Error: Usuario 4 sin acceso al chat 1
[2025-07-22 05:55:43] Error: Usuario 4 sin acceso al chat 1
[2025-07-22 05:55:45] Error: Usuario 4 sin acceso al chat 1
[2025-07-22 05:55:47] Error: Usuario 4 sin acceso al chat 1
[2025-07-22 05:55:49] Error: Usuario 4 sin acceso al chat 1
[2025-07-22 05:55:51] Error: Usuario 4 sin acceso al chat 1
[2025-07-22 05:55:53] Error: Usuario 4 sin acceso al chat 1
[2025-07-22 05:55:55] Error: Usuario 4 sin acceso al chat 1
[2025-07-22 05:55:57] Error: Usuario 4 sin acceso al chat 1
[2025-07-22 05:55:59] Error: Usuario 4 sin acceso al chat 1
[2025-07-22 05:56:01] Error: Usuario 4 sin acceso al chat 1
[2025-07-22 05:56:03] Error: Usuario 4 sin acceso al chat 1
[2025-07-22 05:56:05] Error: Usuario 4 sin acceso al chat 1
[2025-07-22 05:56:39] Error: Usuario 4 sin acceso al chat 1
[2025-07-22 05:57:39] Error: Usuario 4 sin acceso al chat 1
[2025-07-22 05:58:39] Error: Usuario 4 sin acceso al chat 1
[2025-07-22 05:59:39] Error: Usuario 4 sin acceso al chat 1
[2025-07-22 06:00:39] Error: Usuario 4 sin acceso al chat 1
[2025-07-22 06:01:39] Error: Usuario 4 sin acceso al chat 1
[2025-07-22 06:02:39] Error: Usuario 4 sin acceso al chat 1
[2025-07-22 06:02:45] Error: Usuario 4 sin acceso al chat 1
[2025-07-22 06:02:50] Error: Usuario 4 sin acceso al chat 1
[2025-07-22 06:02:52] Error: Usuario 4 sin acceso al chat 1
[2025-07-22 06:02:54] Error: Usuario 4 sin acceso al chat 1
[2025-07-22 06:02:56] Error: Usuario 4 sin acceso al chat 1
[2025-07-22 06:02:58] Error: Usuario 4 sin acceso al chat 1
[2025-07-22 06:03:00] Error: Usuario 4 sin acceso al chat 1
[2025-07-22 06:03:02] Error: Usuario 4 sin acceso al chat 1
[2025-07-22 06:03:04] Error: Usuario 4 sin acceso al chat 1
[2025-07-22 06:03:06] Error: Usuario 4 sin acceso al chat 1
[2025-07-22 06:03:08] Error: Usuario 4 sin acceso al chat 1
[2025-07-22 06:03:10] Error: Usuario 4 sin acceso al chat 1
[2025-07-22 06:03:12] Error: Usuario 4 sin acceso al chat 1
[2025-07-22 06:03:14] Error: Usuario 4 sin acceso al chat 1
[2025-07-22 06:03:16] Error: Usuario 4 sin acceso al chat 1
[2025-07-22 06:03:18] Error: Usuario 4 sin acceso al chat 1
[2025-07-22 06:03:20] Error: Usuario 4 sin acceso al chat 1
[2025-07-22 06:03:22] Error: Usuario 4 sin acceso al chat 1
[2025-07-22 06:03:24] Error: Usuario 4 sin acceso al chat 1
[2025-07-22 06:03:26] Error: Usuario 4 sin acceso al chat 1
[2025-07-22 06:03:28] Error: Usuario 4 sin acceso al chat 1
[2025-07-22 06:03:30] Error: Usuario 4 sin acceso al chat 1
[2025-07-22 06:03:32] Error: Usuario 4 sin acceso al chat 1
[2025-07-22 06:03:34] Error: Usuario 4 sin acceso al chat 1
[2025-07-22 06:03:36] Error: Usuario 4 sin acceso al chat 1
[2025-07-22 06:03:38] Error: Usuario 4 sin acceso al chat 1
[2025-07-22 06:03:40] Error: Usuario 4 sin acceso al chat 1
[2025-07-22 06:03:42] Error: Usuario 4 sin acceso al chat 1
[2025-07-22 06:03:44] Error: Usuario 4 sin acceso al chat 1
[2025-07-22 06:03:46] Error: Usuario 4 sin acceso al chat 1
[2025-07-22 06:03:48] Error: Usuario 4 sin acceso al chat 1
[2025-07-22 06:03:50] Error: Usuario 4 sin acceso al chat 1
[2025-07-22 06:03:52] Error: Usuario 4 sin acceso al chat 1
[2025-07-22 06:03:54] Error: Usuario 4 sin acceso al chat 1
[2025-07-22 06:03:56] Error: Usuario 4 sin acceso al chat 1
[2025-07-22 06:03:58] Error: Usuario 4 sin acceso al chat 1
[2025-07-22 06:04:00] Error: Usuario 4 sin acceso al chat 1
[2025-07-22 06:04:02] Error: Usuario 4 sin acceso al chat 1
[2025-07-22 06:04:04] Error: Usuario 4 sin acceso al chat 1
[2025-07-22 06:04:06] Error: Usuario 4 sin acceso al chat 1
[2025-07-22 06:04:08] Error: Usuario 4 sin acceso al chat 1
[2025-07-22 06:04:10] Error: Usuario 4 sin acceso al chat 1
[2025-07-22 06:04:12] Error: Usuario 4 sin acceso al chat 1
[2025-07-22 06:04:14] Error: Usuario 4 sin acceso al chat 1
[2025-07-22 06:04:16] Error: Usuario 4 sin acceso al chat 1
[2025-07-22 06:04:18] Error: Usuario 4 sin acceso al chat 1
[2025-07-22 06:04:20] Error: Usuario 4 sin acceso al chat 1
[2025-07-22 06:04:22] Error: Usuario 4 sin acceso al chat 1
[2025-07-22 06:04:24] Error: Usuario 4 sin acceso al chat 1
[2025-07-22 06:04:26] Error: Usuario 4 sin acceso al chat 1
[2025-07-22 06:04:28] Error: Usuario 4 sin acceso al chat 1
[2025-07-22 06:04:30] Error: Usuario 4 sin acceso al chat 1
[2025-07-22 06:04:32] Error: Usuario 4 sin acceso al chat 1
[2025-07-22 06:04:39] Error: Usuario 4 sin acceso al chat 1
[2025-07-22 06:05:01] Error: Usuario 4 sin acceso al chat 1
[2025-07-22 06:05:02] Error: Usuario 4 sin acceso al chat 1
[2025-07-22 06:05:05] Error: Usuario 4 sin acceso al chat 1
[2025-07-22 06:05:07] Error: Usuario 4 sin acceso al chat 1
[2025-07-22 06:05:09] Error: Usuario 4 sin acceso al chat 1
[2025-07-22 06:07:15] Error: Debug - Usuario: 4, Rol: responsable, Chat: 1
[2025-07-22 06:07:17] Error: Debug - Usuario: 4, Rol: responsable, Chat: 1
[2025-07-22 06:07:19] Error: Debug - Usuario: 4, Rol: responsable, Chat: 1
[2025-07-22 06:07:20] Error: Debug - Usuario: 4, Rol: responsable, Chat: 1
[2025-07-22 06:07:21] Error: Debug - Usuario: 4, Rol: responsable, Chat: 1
[2025-07-22 06:07:23] Error: Debug - Usuario: 4, Rol: responsable, Chat: 1
[2025-07-22 06:07:25] Error: Debug - Usuario: 1, Rol: cliente, Chat: 1
[2025-07-22 06:07:25] Error: Debug - Usuario: 4, Rol: responsable, Chat: 1
[2025-07-22 06:07:27] Error: Debug - Usuario: 4, Rol: responsable, Chat: 1
[2025-07-22 06:07:29] Error: Debug - Usuario: 4, Rol: responsable, Chat: 1
[2025-07-22 06:07:31] Error: Debug - Usuario: 1, Rol: cliente, Chat: 1
[2025-07-22 06:07:31] Error: Debug - Usuario: 4, Rol: responsable, Chat: 1
[2025-07-22 06:07:33] Error: Debug - Usuario: 1, Rol: cliente, Chat: 1
[2025-07-22 06:07:33] Error: Debug - Usuario: 4, Rol: responsable, Chat: 1
[2025-07-22 06:07:35] Error: Debug - Usuario: 1, Rol: cliente, Chat: 1
[2025-07-22 06:07:35] Error: Debug - Usuario: 1, Rol: cliente, Chat: 1
[2025-07-22 06:07:35] Error: Debug - Usuario: 4, Rol: responsable, Chat: 1
[2025-07-22 06:07:37] Error: Debug - Usuario: 1, Rol: cliente, Chat: 1
: 1
[2025-07-22 06:07:39] Error: Debug - Usuario: 1, Rol: cliente, Chat: 1
[2025-07-22 06:07:39] Error: Debug - Usuario: 4, Rol: responsable, Chat: 1
[2025-07-22 06:07:41] Error: Debug - Usuario: 4, Rol: responsable, Chat: 1
[2025-07-22 06:07:41] Error: Debug - Usuario: 1, Rol: cliente, Chat: 1
[2025-07-22 06:07:43] Error: Debug - Usuario: 4, Rol: responsable, Chat: 1
[2025-07-22 06:07:43] Error: Debug - Usuario: 1, Rol: cliente, Chat: 1
[2025-07-22 06:07:45] Error: Debug - Usuario: 4, Rol: responsable, Chat: 1
[2025-07-22 06:07:45] Error: Debug - Usuario: 1, Rol: cliente, Chat: 1
[2025-07-22 06:07:47] Error: Debug - Usuario: 4, Rol: responsable, Chat: 1
[2025-07-22 06:07:47] Error: Debug - Usuario: 1, Rol: cliente, Chat: 1
[2025-07-22 06:07:49] Error: Debug - Usuario: 4, Rol: responsable, Chat: 1
[2025-07-22 06:07:49] Error: Debug - Usuario: 1, Rol: cliente, Chat: 1
[2025-07-22 06:07:51] Error: Debug - Usuario: 4, Rol: responsable, Chat: 1
[2025-07-22 06:07:51] Error: Debug - Usuario: 1, Rol: cliente, Chat: 1
[2025-07-22 06:07:53] Error: Debug - Usuario: 1, Rol: cliente, Chat: 1
[2025-07-22 06:07:55] Error: Debug - Usuario: 1, Rol: cliente, Chat: 1
[2025-07-22 06:07:57] Error: Debug - Usuario: 1, Rol: cliente, Chat: 1
[2025-07-22 06:07:59] Error: Debug - Usuario: 1, Rol: cliente, Chat: 1
[2025-07-22 06:08:01] Error: Debug - Usuario: 1, Rol: cliente, Chat: 1
[2025-07-22 06:08:03] Error: Debug - Usuario: 1, Rol: cliente, Chat: 1
[2025-07-22 06:08:05] Error: Debug - Usuario: 1, Rol: cliente, Chat: 1
[2025-07-22 06:08:07] Error: Debug - Usuario: 1, Rol: cliente, Chat: 1
[2025-07-22 06:08:09] Error: Debug - Usuario: 1, Rol: cliente, Chat: 1
[2025-07-22 06:08:11] Error: Debug - Usuario: 1, Rol: cliente, Chat: 1
[2025-07-22 06:08:13] Error: Debug - Usuario: 1, Rol: cliente, Chat: 1
[2025-07-22 06:08:13] Error: Debug - Usuario: 4, Rol: responsable, Chat: 1
[2025-07-22 06:08:15] Error: Debug - Usuario: 1, Rol: cliente, Chat: 1
[2025-07-22 06:08:17] Error: Debug - Usuario: 1, Rol: cliente, Chat: 1
[2025-07-22 06:08:19] Error: Debug - Usuario: 1, Rol: cliente, Chat: 1
[2025-07-22 06:08:21] Error: Debug - Usuario: 1, Rol: cliente, Chat: 1
[2025-07-22 06:08:23] Error: Debug - Usuario: 1, Rol: cliente, Chat: 1
[2025-07-22 06:08:25] Error: Debug - Usuario: 1, Rol: cliente, Chat: 1
[2025-07-22 06:08:27] Error: Debug - Usuario: 1, Rol: cliente, Chat: 1
[2025-07-22 06:08:29] Error: Debug - Usuario: 1, Rol: cliente, Chat: 1
[2025-07-22 06:08:31] Error: Debug - Usuario: 1, Rol: cliente, Chat: 1
[2025-07-22 06:08:33] Error: Debug - Usuario: 1, Rol: cliente, Chat: 1
[2025-07-22 06:08:35] Error: Debug - Usuario: 1, Rol: cliente, Chat: 1
[2025-07-22 06:08:37] Error: Debug - Usuario: 1, Rol: cliente, Chat: 1
[2025-07-22 06:08:39] Error: Debug - Usuario: 1, Rol: cliente, Chat: 1
[2025-07-22 06:08:41] Error: Debug - Usuario: 1, Rol: cliente, Chat: 1
[2025-07-22 06:08:43] Error: Debug - Usuario: 1, Rol: cliente, Chat: 1
[2025-07-22 06:08:45] Error: Debug - Usuario: 1, Rol: cliente, Chat: 1
[2025-07-22 06:08:47] Error: Debug - Usuario: 1, Rol: cliente, Chat: 1
[2025-07-22 06:08:49] Error: Debug - Usuario: 1, Rol: cliente, Chat: 1
[2025-07-22 06:08:51] Error: Debug - Usuario: 1, Rol: cliente, Chat: 1
[2025-07-22 06:08:53] Error: Debug - Usuario: 1, Rol: cliente, Chat: 1
[2025-07-22 06:08:55] Error: Debug - Usuario: 1, Rol: cliente, Chat: 1
[2025-07-22 06:08:57] Error: Debug - Usuario: 1, Rol: cliente, Chat: 1
[2025-07-22 06:08:59] Error: Debug - Usuario: 1, Rol: cliente, Chat: 1
[2025-07-22 06:09:01] Error: Debug - Usuario: 1, Rol: cliente, Chat: 1
[2025-07-22 06:09:03] Error: Debug - Usuario: 1, Rol: cliente, Chat: 1
[2025-07-22 06:09:05] Error: Debug - Usuario: 1, Rol: cliente, Chat: 1
[2025-07-22 06:09:07] Error: Debug - Usuario: 1, Rol: cliente, Chat: 1
[2025-07-22 06:09:09] Error: Debug - Usuario: 1, Rol: cliente, Chat: 1
[2025-07-22 06:09:11] Error: Debug - Usuario: 1, Rol: cliente, Chat: 1
[2025-07-22 06:09:13] Error: Debug - Usuario: 1, Rol: cliente, Chat: 1
[2025-07-22 06:09:15] Error: Debug - Usuario: 1, Rol: cliente, Chat: 1
[2025-07-22 06:09:17] Error: Debug - Usuario: 1, Rol: cliente, Chat: 1
[2025-07-22 06:09:19] Error: Debug - Usuario: 1, Rol: cliente, Chat: 1
[2025-07-22 06:09:21] Error: Debug - Usuario: 1, Rol: cliente, Chat: 1
[2025-07-22 06:09:23] Error: Debug - Usuario: 1, Rol: cliente, Chat: 1
[2025-07-22 06:09:25] Error: Debug - Usuario: 1, Rol: cliente, Chat: 1
[2025-07-22 06:09:27] Error: Debug - Usuario: 1, Rol: cliente, Chat: 1
[2025-07-22 06:09:31] Error: Debug - Usuario: 1, Rol: cliente, Chat: 1
[2025-07-22 06:09:33] Error: Debug - Usuario: 1, Rol: cliente, Chat: 1
[2025-07-22 06:09:35] Error: Debug - Usuario: 1, Rol: cliente, Chat: 1
[2025-07-22 06:09:37] Error: Debug - Usuario: 1, Rol: cliente, Chat: 1
[2025-07-22 06:09:39] Error: Debug - Usuario: 1, Rol: cliente, Chat: 1
[2025-07-22 06:09:41] Error: Debug - Usuario: 1, Rol: cliente, Chat: 1
[2025-07-22 06:09:43] Error: Debug - Usuario: 1, Rol: cliente, Chat: 1
[2025-07-22 06:09:45] Error: Debug - Usuario: 1, Rol: cliente, Chat: 1
: 1
[2025-07-22 06:09:47] Error: Debug - Usuario: 1, Rol: cliente, Chat: 1
: 1
[2025-07-22 06:09:48] Error: Debug - Usuario: 4, Rol: responsable, Chat: 1
[2025-07-22 06:09:49] Error: Debug - Usuario: 1, Rol: cliente, Chat: 1
[2025-07-22 06:09:50] Error: Debug - Usuario: 4, Rol: responsable, Chat: 1
[2025-07-22 06:09:51] Error: Debug - Usuario: 1, Rol: cliente, Chat: 1
[2025-07-22 06:09:53] Error: Debug - Usuario: 1, Rol: cliente, Chat: 1
[2025-07-22 06:09:53] Error: Debug - Usuario: 4, Rol: responsable, Chat: 1
[2025-07-22 06:09:55] Error: Debug - Usuario: 1, Rol: cliente, Chat: 1
[2025-07-22 06:09:55] Error: Debug - Usuario: 4, Rol: responsable, Chat: 1
[2025-07-22 06:09:57] Error: Debug - Usuario: 1, Rol: cliente, Chat: 1
[2025-07-22 06:09:57] Error: Debug - Usuario: 4, Rol: responsable, Chat: 1
[2025-07-22 06:09:59] Error: Debug - Usuario: 1, Rol: cliente, Chat: 1
[2025-07-22 06:09:59] Error: Debug - Usuario: 4, Rol: responsable, Chat: 1
[2025-07-22 06:10:01] Error: Debug - Usuario: 1, Rol: cliente, Chat: 1
[2025-07-22 06:10:01] Error: Debug - Usuario: 4, Rol: responsable, Chat: 1
[2025-07-22 06:10:03] Error: Debug - Usuario: 1, Rol: cliente, Chat: 1
[2025-07-22 06:10:03] Error: Debug - Usuario: 4, Rol: responsable, Chat: 1
[2025-07-22 06:10:05] Error: Debug - Usuario: 4, Rol: responsable, Chat: 1
[2025-07-22 06:10:06] Error: Debug - Usuario: 1, Rol: cliente, Chat: 1
[2025-07-22 06:10:07] Error: Debug - Usuario: 4, Rol: responsable, Chat: 1
[2025-07-22 06:10:08] Error: Debug - Usuario: 1, Rol: cliente, Chat: 1
[2025-07-22 06:10:09] Error: Debug - Usuario: 4, Rol: responsable, Chat: 1
[2025-07-22 06:10:10] Error: Debug - Usuario: 1, Rol: cliente, Chat: 1
[2025-07-22 06:10:11] Error: Debug - Usuario: 4, Rol: responsable, Chat: 1
[2025-07-22 06:10:13] Error: Debug - Usuario: 4, Rol: responsable, Chat: 1
[2025-07-22 06:10:14] Error: Debug - Usuario: 1, Rol: cliente, Chat: 1
[2025-07-22 06:10:15] Error: Debug - Usuario: 4, Rol: responsable, Chat: 1
[2025-07-22 06:10:17] Error: Debug - Usuario: 1, Rol: cliente, Chat: 1
[2025-07-22 06:10:18] Error: Debug - Usuario: 4, Rol: responsable, Chat: 1
[2025-07-22 06:10:18] Error: Debug - Usuario: 1, Rol: cliente, Chat: 1
[2025-07-22 06:10:20] Error: Debug - Usuario: 1, Rol: cliente, Chat: 1
[2025-07-22 06:10:20] Error: Debug - Usuario: 4, Rol: responsable, Chat: 1
[2025-07-22 06:10:21] Error: Debug - Usuario: 1, Rol: cliente, Chat: 1
[2025-07-22 06:10:23] Error: Debug - Usuario: 1, Rol: cliente, Chat: 1
[2025-07-22 06:10:24] Error: Debug - Usuario: 1, Rol: cliente, Chat: 1
[2025-07-22 06:10:25] Error: Debug - Usuario: 4, Rol: responsable, Chat: 1
[2025-07-22 06:10:27] Error: Debug - Usuario: 1, Rol: cliente, Chat: 1
[2025-07-22 06:10:27] Error: Debug - Usuario: 4, Rol: responsable, Chat: 1
[2025-07-22 06:10:29] Error: Debug - Usuario: 1, Rol: cliente, Chat: 1
: 1
[2025-07-22 06:10:31] Error: Debug - Usuario: 4, Rol: responsable, Chat: 1
[2025-07-22 06:10:31] Error: Debug - Usuario: 1, Rol: cliente, Chat: 1
[2025-07-22 06:10:33] Error: Debug - Usuario: 4, Rol: responsable, Chat: 1
[2025-07-22 06:10:33] Error: Debug - Usuario: 1, Rol: cliente, Chat: 1
[2025-07-22 06:10:34] Error: Debug - Usuario: 4, Rol: responsable, Chat: 1
[2025-07-22 06:10:35] Error: Debug - Usuario: 1, Rol: cliente, Chat: 1
[2025-07-22 06:10:36] Error: Debug - Usuario: 1, Rol: cliente, Chat: 1
[2025-07-22 06:10:37] Error: Debug - Usuario: 4, Rol: responsable, Chat: 1
[2025-07-22 06:10:39] Error: Debug - Usuario: 1, Rol: cliente, Chat: 1
[2025-07-22 06:10:39] Error: Debug - Usuario: 4, Rol: responsable, Chat: 1
[2025-07-22 06:10:41] Error: Debug - Usuario: 4, Rol: responsable, Chat: 1
[2025-07-22 06:10:41] Error: Debug - Usuario: 1, Rol: cliente, Chat: 1
[2025-07-22 06:10:43] Error: Debug - Usuario: 4, Rol: responsable, Chat: 1
[2025-07-22 06:10:43] Error: Debug - Usuario: 1, Rol: cliente, Chat: 1
[2025-07-22 06:10:45] Error: Debug - Usuario: 1, Rol: cliente, Chat: 1
: 1
[2025-07-22 06:10:47] Error: Debug - Usuario: 1, Rol: cliente, Chat: 1
[2025-07-22 06:10:47] Error: Debug - Usuario: 4, Rol: responsable, Chat: 1
[2025-07-22 06:10:49] Error: Debug - Usuario: 4, Rol: responsable, Chat: 1
[2025-07-22 06:10:49] Error: Debug - Usuario: 1, Rol: cliente, Chat: 1
[2025-07-22 06:10:51] Error: Debug - Usuario: 4, Rol: responsable, Chat: 1
[2025-07-22 06:10:51] Error: Debug - Usuario: 1, Rol: cliente, Chat: 1
[2025-07-22 06:10:53] Error: Debug - Usuario: 4, Rol: responsable, Chat: 1
[2025-07-22 06:10:53] Error: Debug - Usuario: 1, Rol: cliente, Chat: 1
[2025-07-22 06:10:55] Error: Debug - Usuario: 1, Rol: cliente, Chat: 1
[2025-07-22 06:10:55] Error: Debug - Usuario: 4, Rol: responsable, Chat: 1
[2025-07-22 06:10:57] Error: Debug - Usuario: 1, Rol: cliente, Chat: 1
[2025-07-22 06:10:57] Error: Debug - Usuario: 4, Rol: responsable, Chat: 1
[2025-07-22 06:10:59] Error: Debug - Usuario: 1, Rol: cliente, Chat: 1
: 1
[2025-07-22 06:11:01] Error: Debug - Usuario: 4, Rol: responsable, Chat: 1
[2025-07-22 06:11:01] Error: Debug - Usuario: 1, Rol: cliente, Chat: 1
[2025-07-22 06:11:03] Error: Debug - Usuario: 4, Rol: responsable, Chat: 1
[2025-07-22 06:11:03] Error: Debug - Usuario: 1, Rol: cliente, Chat: 1
[2025-07-22 06:11:05] Error: Debug - Usuario: 1, Rol: cliente, Chat: 1
: 1
[2025-07-22 06:11:07] Error: Debug - Usuario: 4, Rol: responsable, Chat: 1
[2025-07-22 06:11:07] Error: Debug - Usuario: 1, Rol: cliente, Chat: 1
[2025-07-22 06:11:09] Error: Debug - Usuario: 1, Rol: cliente, Chat: 1
: 1
[2025-07-22 06:11:11] Error: Debug - Usuario: 4, Rol: responsable, Chat: 1
[2025-07-22 06:11:13] Error: Debug - Usuario: 4, Rol: responsable, Chat: 1
[2025-07-22 06:11:13] Error: Debug - Usuario: 1, Rol: cliente, Chat: 1
[2025-07-22 06:11:15] Error: Debug - Usuario: 4, Rol: responsable, Chat: 1
[2025-07-22 06:11:15] Error: Debug - Usuario: 1, Rol: cliente, Chat: 1
[2025-07-22 06:11:17] Error: Debug - Usuario: 1, Rol: cliente, Chat: 1
[2025-07-22 06:11:17] Error: Debug - Usuario: 4, Rol: responsable, Chat: 1
[2025-07-22 06:11:19] Error: Debug - Usuario: 4, Rol: responsable, Chat: 1
[2025-07-22 06:11:19] Error: Debug - Usuario: 1, Rol: cliente, Chat: 1
[2025-07-22 06:11:21] Error: Debug - Usuario: 1, Rol: cliente, Chat: 1
[2025-07-22 06:11:21] Error: Debug - Usuario: 4, Rol: responsable, Chat: 1
[2025-07-22 06:11:23] Error: Debug - Usuario: 4, Rol: responsable, Chat: 1
[2025-07-22 06:11:23] Error: Debug - Usuario: 1, Rol: cliente, Chat: 1
[2025-07-22 06:11:25] Error: Debug - Usuario: 1, Rol: cliente, Chat: 1
[2025-07-22 06:11:25] Error: Debug - Usuario: 4, Rol: responsable, Chat: 1
[2025-07-22 06:11:27] Error: Debug - Usuario: 1, Rol: cliente, Chat: 1
[2025-07-22 06:11:27] Error: Debug - Usuario: 4, Rol: responsable, Chat: 1
[2025-07-22 06:11:29] Error: Debug - Usuario: 4, Rol: responsable, Chat: 1
[2025-07-22 06:11:29] Error: Debug - Usuario: 1, Rol: cliente, Chat: 1
[2025-07-22 06:11:31] Error: Debug - Usuario: 4, Rol: responsable, Chat: 1
[2025-07-22 06:11:31] Error: Debug - Usuario: 1, Rol: cliente, Chat: 1
[2025-07-22 06:11:33] Error: Debug - Usuario: 4, Rol: responsable, Chat: 1
[2025-07-22 06:11:33] Error: Debug - Usuario: 1, Rol: cliente, Chat: 1
[2025-07-22 06:11:35] Error: Debug - Usuario: 4, Rol: responsable, Chat: 1
[2025-07-22 06:11:35] Error: Debug - Usuario: 1, Rol: cliente, Chat: 1
[2025-07-22 06:11:39] Error: Debug - Usuario: 4, Rol: responsable, Chat: 1
[2025-07-22 06:11:39] Error: Debug - Usuario: 1, Rol: cliente, Chat: 1
[2025-07-22 06:12:39] Error: Debug - Usuario: 4, Rol: responsable, Chat: 1
[2025-07-22 06:12:39] Error: Debug - Usuario: 1, Rol: cliente, Chat: 1
[2025-07-22 06:34:03] Error: Bot desactivado para el chat 1 por el responsable 4
[2025-07-22 07:29:34] Error: Bot activado para el chat 1 por el responsable 4
