[2025-07-21 05:01:46] Mensaje enviado: hola quiero saber cuanto vale tyu casa
[2025-07-21 05:08:23] Mensaje enviado: hola quiero saber cuanto vale tyu casa
[2025-07-21 05:09:23] Mensaje enviado: hola quiero saber cuanto vale tyu casa
[2025-07-21 05:19:36] Mensaje enviado: hola quiero saber cuanto vale tyu casa
[2025-07-21 05:20:24] Mensaje enviado: hola quiero saber cuanto vale tyu casa
[2025-07-21 05:22:53] Mensaje enviado: hola quiero saber cuanto vale tyu casa
[2025-07-21 05:25:02] Mensaje enviado: hola quiero saber cuanto vale tyu casa
[2025-07-21 05:25:03] Mensaje enviado: hola quiero saber cuanto vale tyu casa
[2025-07-21 05:25:24] Mensaje enviado: hola
[2025-07-21 05:25:55] Mensaje enviado: cuanto vale la casa de 4 pisos
[2025-07-21 05:27:42] Mensaje enviado: su
[2025-07-21 05:53:59] Mensaje enviado: hola que taj
[2025-07-21 05:54:52] Mensaje enviado: hola que taj
[2025-07-21 05:55:18] Mensaje enviado: quiero dos casas
[2025-07-21 05:57:39] Mensaje enviado: aaaaa
[2025-07-21 06:03:54] Mensaje enviado: si
[2025-07-21 06:05:37] Mensaje enviado: hola que tal
[2025-07-21 06:21:37] Mensaje enviado: hoola
[2025-07-21 06:26:16] Mensaje enviado: so
[2025-07-21 06:40:50] Mensaje enviado: Hola, necesito ayuda
[2025-07-21 06:54:34] Mensaje enviado: 
[2025-07-21 06:54:50] Mensaje enviado: hola que tal
[2025-07-21 16:51:05] Mensaje enviado: ai
[2025-07-21 17:11:57] Mensaje enviado: 
[2025-07-21 20:34:16] Mensaje enviado: hola
[2025-07-21 20:34:40] Mensaje enviado: casa casa
